0 info it worked if it ends with ok
1 verbose cli [ '/Users/keikreutler/.nvm/v0.10.25/bin/node',
1 verbose cli   '/Users/keikreutler/.nvm/v0.10.25/bin/npm',
1 verbose cli   'install' ]
2 info using npm@1.3.24
3 info using node@v0.10.25
4 warn package.json unmonastery.net@0.0.0 No repository field.
5 verbose readDependencies using package.json deps
6 verbose install where, deps [ '/Users/keikreutler/Documents/git/unmonastery.net',
6 verbose install   [ 'cors',
6 verbose install     'express',
6 verbose install     'superagent',
6 verbose install     'levelgraph',
6 verbose install     'levelgraph-jsonld',
6 verbose install     'lodash',
6 verbose install     'async',
6 verbose install     'grunt',
6 verbose install     'grunt-contrib-connect',
6 verbose install     'grunt-develop',
6 verbose install     'grunt-contrib-watch',
6 verbose install     'grunt-contrib-handlebars',
6 verbose install     'grunt-contrib-less' ] ]
7 info preinstall unmonastery.net@0.0.0
8 verbose readDependencies using package.json deps
9 verbose already installed skipping async@~0.2.10 /Users/keikreutler/Documents/git/unmonastery.net
10 verbose already installed skipping grunt@~0.4.2 /Users/keikreutler/Documents/git/unmonastery.net
11 verbose already installed skipping grunt-contrib-connect@~0.6.0 /Users/keikreutler/Documents/git/unmonastery.net
12 verbose already installed skipping grunt-develop@~0.3.0 /Users/keikreutler/Documents/git/unmonastery.net
13 verbose already installed skipping grunt-contrib-watch@~0.5.3 /Users/keikreutler/Documents/git/unmonastery.net
14 verbose already installed skipping grunt-contrib-handlebars@~0.6.1 /Users/keikreutler/Documents/git/unmonastery.net
15 verbose already installed skipping grunt-contrib-less@~0.9.0 /Users/keikreutler/Documents/git/unmonastery.net
16 verbose already installed skipping cors@~2.1.1 /Users/keikreutler/Documents/git/unmonastery.net
17 verbose already installed skipping express@~3.4.8 /Users/keikreutler/Documents/git/unmonastery.net
18 verbose already installed skipping superagent@~0.16.0 /Users/keikreutler/Documents/git/unmonastery.net
19 verbose already installed skipping levelgraph@~0.8.1 /Users/keikreutler/Documents/git/unmonastery.net
20 verbose cache add [ 'levelgraph-jsonld@git://github.com/mcollina/levelgraph-jsonld',
20 verbose cache add   null ]
21 verbose cache add name=undefined spec="levelgraph-jsonld@git://github.com/mcollina/levelgraph-jsonld" args=["levelgraph-jsonld@git://github.com/mcollina/levelgraph-jsonld",null]
22 verbose parsed url { protocol: null,
22 verbose parsed url   slashes: null,
22 verbose parsed url   auth: null,
22 verbose parsed url   host: null,
22 verbose parsed url   port: null,
22 verbose parsed url   hostname: null,
22 verbose parsed url   hash: null,
22 verbose parsed url   search: null,
22 verbose parsed url   query: null,
22 verbose parsed url   pathname: 'levelgraph-jsonld@git://github.com/mcollina/levelgraph-jsonld',
22 verbose parsed url   path: 'levelgraph-jsonld@git://github.com/mcollina/levelgraph-jsonld',
22 verbose parsed url   href: 'levelgraph-jsonld@git://github.com/mcollina/levelgraph-jsonld' }
23 verbose cache add name="levelgraph-jsonld" spec="git://github.com/mcollina/levelgraph-jsonld" args=["levelgraph-jsonld","git://github.com/mcollina/levelgraph-jsonld"]
24 verbose parsed url { protocol: 'git:',
24 verbose parsed url   slashes: true,
24 verbose parsed url   auth: null,
24 verbose parsed url   host: 'github.com',
24 verbose parsed url   port: null,
24 verbose parsed url   hostname: 'github.com',
24 verbose parsed url   hash: null,
24 verbose parsed url   search: null,
24 verbose parsed url   query: null,
24 verbose parsed url   pathname: '/mcollina/levelgraph-jsonld',
24 verbose parsed url   path: '/mcollina/levelgraph-jsonld',
24 verbose parsed url   href: 'git://github.com/mcollina/levelgraph-jsonld' }
25 silly lockFile 1996ebd8-b-com-mcollina-levelgraph-jsonld git://github.com/mcollina/levelgraph-jsonld
26 verbose lock git://github.com/mcollina/levelgraph-jsonld /Users/keikreutler/.npm/1996ebd8-b-com-mcollina-levelgraph-jsonld.lock
27 verbose already installed skipping lodash@~2.4.1 /Users/keikreutler/Documents/git/unmonastery.net
28 verbose addRemoteGit [ 'git://github.com/mcollina/levelgraph-jsonld', 'master' ]
29 verbose git remote.origin.url git://github.com/mcollina/levelgraph-jsonld
30 error git fetch -a origin (git://github.com/mcollina/levelgraph-jsonld) fatal: unable to connect to github.com:
30 error git fetch -a origin (git://github.com/mcollina/levelgraph-jsonld) github.com[0: 192.30.252.131]: errno=Operation timed out
31 silly lockFile 1996ebd8-b-com-mcollina-levelgraph-jsonld git://github.com/mcollina/levelgraph-jsonld
32 silly lockFile 1996ebd8-b-com-mcollina-levelgraph-jsonld git://github.com/mcollina/levelgraph-jsonld
33 error Error: Command failed: fatal: unable to connect to github.com:
33 error github.com[0: 192.30.252.131]: errno=Operation timed out
33 error
33 error
33 error     at ChildProcess.exithandler (child_process.js:637:15)
33 error     at ChildProcess.EventEmitter.emit (events.js:98:17)
33 error     at maybeClose (child_process.js:743:16)
33 error     at Socket.<anonymous> (child_process.js:956:11)
33 error     at Socket.EventEmitter.emit (events.js:95:17)
33 error     at Pipe.close (net.js:466:12)
34 error If you need help, you may report this *entire* log,
34 error including the npm and node versions, at:
34 error     <http://github.com/isaacs/npm/issues>
35 error System Darwin 10.8.0
36 error command "/Users/keikreutler/.nvm/v0.10.25/bin/node" "/Users/keikreutler/.nvm/v0.10.25/bin/npm" "install"
37 error cwd /Users/keikreutler/Documents/git/unmonastery.net
38 error node -v v0.10.25
39 error npm -v 1.3.24
40 error code 128
41 verbose exit [ 1, true ]
